<?xml version="1.0" encoding="UTF-8"?>
<testsuite xmlns:xsi="http://www.w3.org/2001/XMLSchema-instance" xsi:noNamespaceSchemaLocation="https://maven.apache.org/surefire/maven-surefire-plugin/xsd/surefire-test-report.xsd" version="3.0.2" name="TestSuite" time="13.257" tests="4" errors="0" skipped="0" failures="1">
  <properties>
    <property name="java.specification.version" value="21"/>
    <property name="webdriver.chrome.driver" value="/Users/amoljadhav/.cache/selenium/chromedriver/mac-arm64/132.0.6834.110/chromedriver"/>
    <property name="sun.jnu.encoding" value="UTF-8"/>
    <property name="java.class.path" value="/Users/amoljadhav/eclipse-workspace/SeliniumFramewordDesign/target/test-classes:/Users/amoljadhav/eclipse-workspace/SeliniumFramewordDesign/target/classes:/Users/amoljadhav/.m2/repository/org/seleniumhq/selenium/selenium-java/4.24.0/selenium-java-4.24.0.jar:/Users/amoljadhav/.m2/repository/org/seleniumhq/selenium/selenium-api/4.24.0/selenium-api-4.24.0.jar:/Users/amoljadhav/.m2/repository/org/jspecify/jspecify/1.0.0/jspecify-1.0.0.jar:/Users/amoljadhav/.m2/repository/org/seleniumhq/selenium/selenium-chrome-driver/4.24.0/selenium-chrome-driver-4.24.0.jar:/Users/amoljadhav/.m2/repository/com/google/auto/service/auto-service-annotations/1.1.1/auto-service-annotations-1.1.1.jar:/Users/amoljadhav/.m2/repository/org/seleniumhq/selenium/selenium-chromium-driver/4.24.0/selenium-chromium-driver-4.24.0.jar:/Users/amoljadhav/.m2/repository/org/seleniumhq/selenium/selenium-json/4.24.0/selenium-json-4.24.0.jar:/Users/amoljadhav/.m2/repository/org/seleniumhq/selenium/selenium-manager/4.24.0/selenium-manager-4.24.0.jar:/Users/amoljadhav/.m2/repository/org/seleniumhq/selenium/selenium-devtools-v126/4.24.0/selenium-devtools-v126-4.24.0.jar:/Users/amoljadhav/.m2/repository/org/seleniumhq/selenium/selenium-devtools-v127/4.24.0/selenium-devtools-v127-4.24.0.jar:/Users/amoljadhav/.m2/repository/org/seleniumhq/selenium/selenium-devtools-v128/4.24.0/selenium-devtools-v128-4.24.0.jar:/Users/amoljadhav/.m2/repository/org/seleniumhq/selenium/selenium-devtools-v85/4.24.0/selenium-devtools-v85-4.24.0.jar:/Users/amoljadhav/.m2/repository/org/seleniumhq/selenium/selenium-edge-driver/4.24.0/selenium-edge-driver-4.24.0.jar:/Users/amoljadhav/.m2/repository/org/seleniumhq/selenium/selenium-firefox-driver/4.24.0/selenium-firefox-driver-4.24.0.jar:/Users/amoljadhav/.m2/repository/org/seleniumhq/selenium/selenium-http/4.24.0/selenium-http-4.24.0.jar:/Users/amoljadhav/.m2/repository/dev/failsafe/failsafe/3.3.2/failsafe-3.3.2.jar:/Users/amoljadhav/.m2/repository/org/seleniumhq/selenium/selenium-ie-driver/4.24.0/selenium-ie-driver-4.24.0.jar:/Users/amoljadhav/.m2/repository/org/seleniumhq/selenium/selenium-remote-driver/4.24.0/selenium-remote-driver-4.24.0.jar:/Users/amoljadhav/.m2/repository/com/google/guava/guava/33.3.0-jre/guava-33.3.0-jre.jar:/Users/amoljadhav/.m2/repository/com/google/guava/failureaccess/1.0.2/failureaccess-1.0.2.jar:/Users/amoljadhav/.m2/repository/com/google/guava/listenablefuture/9999.0-empty-to-avoid-conflict-with-guava/listenablefuture-9999.0-empty-to-avoid-conflict-with-guava.jar:/Users/amoljadhav/.m2/repository/com/google/code/findbugs/jsr305/3.0.2/jsr305-3.0.2.jar:/Users/amoljadhav/.m2/repository/org/checkerframework/checker-qual/3.43.0/checker-qual-3.43.0.jar:/Users/amoljadhav/.m2/repository/com/google/j2objc/j2objc-annotations/3.0.0/j2objc-annotations-3.0.0.jar:/Users/amoljadhav/.m2/repository/io/opentelemetry/semconv/opentelemetry-semconv/1.25.0-alpha/opentelemetry-semconv-1.25.0-alpha.jar:/Users/amoljadhav/.m2/repository/io/opentelemetry/opentelemetry-api/1.41.0/opentelemetry-api-1.41.0.jar:/Users/amoljadhav/.m2/repository/io/opentelemetry/opentelemetry-context/1.41.0/opentelemetry-context-1.41.0.jar:/Users/amoljadhav/.m2/repository/io/opentelemetry/opentelemetry-exporter-logging/1.41.0/opentelemetry-exporter-logging-1.41.0.jar:/Users/amoljadhav/.m2/repository/io/opentelemetry/opentelemetry-sdk-common/1.41.0/opentelemetry-sdk-common-1.41.0.jar:/Users/amoljadhav/.m2/repository/io/opentelemetry/opentelemetry-sdk-extension-autoconfigure-spi/1.41.0/opentelemetry-sdk-extension-autoconfigure-spi-1.41.0.jar:/Users/amoljadhav/.m2/repository/io/opentelemetry/opentelemetry-sdk-extension-autoconfigure/1.41.0/opentelemetry-sdk-extension-autoconfigure-1.41.0.jar:/Users/amoljadhav/.m2/repository/io/opentelemetry/opentelemetry-api-incubator/1.41.0-alpha/opentelemetry-api-incubator-1.41.0-alpha.jar:/Users/amoljadhav/.m2/repository/io/opentelemetry/opentelemetry-sdk-trace/1.41.0/opentelemetry-sdk-trace-1.41.0.jar:/Users/amoljadhav/.m2/repository/io/opentelemetry/opentelemetry-sdk/1.41.0/opentelemetry-sdk-1.41.0.jar:/Users/amoljadhav/.m2/repository/io/opentelemetry/opentelemetry-sdk-metrics/1.41.0/opentelemetry-sdk-metrics-1.41.0.jar:/Users/amoljadhav/.m2/repository/io/opentelemetry/opentelemetry-sdk-logs/1.41.0/opentelemetry-sdk-logs-1.41.0.jar:/Users/amoljadhav/.m2/repository/net/bytebuddy/byte-buddy/1.15.0/byte-buddy-1.15.0.jar:/Users/amoljadhav/.m2/repository/org/seleniumhq/selenium/selenium-os/4.24.0/selenium-os-4.24.0.jar:/Users/amoljadhav/.m2/repository/org/apache/commons/commons-exec/1.4.0/commons-exec-1.4.0.jar:/Users/amoljadhav/.m2/repository/org/seleniumhq/selenium/selenium-safari-driver/4.24.0/selenium-safari-driver-4.24.0.jar:/Users/amoljadhav/.m2/repository/org/seleniumhq/selenium/selenium-support/4.24.0/selenium-support-4.24.0.jar:/Users/amoljadhav/.m2/repository/org/testng/testng/7.10.1/testng-7.10.1.jar:/Users/amoljadhav/.m2/repository/org/slf4j/slf4j-api/1.7.36/slf4j-api-1.7.36.jar:/Users/amoljadhav/.m2/repository/com/beust/jcommander/1.82/jcommander-1.82.jar:/Users/amoljadhav/.m2/repository/org/webjars/jquery/3.7.1/jquery-3.7.1.jar:/Users/amoljadhav/.m2/repository/io/github/bonigarcia/webdrivermanager/5.9.0/webdrivermanager-5.9.0.jar:/Users/amoljadhav/.m2/repository/com/google/code/gson/gson/2.11.0/gson-2.11.0.jar:/Users/amoljadhav/.m2/repository/com/google/errorprone/error_prone_annotations/2.27.0/error_prone_annotations-2.27.0.jar:/Users/amoljadhav/.m2/repository/com/github/docker-java/docker-java/3.3.6/docker-java-3.3.6.jar:/Users/amoljadhav/.m2/repository/com/github/docker-java/docker-java-core/3.3.6/docker-java-core-3.3.6.jar:/Users/amoljadhav/.m2/repository/com/github/docker-java/docker-java-api/3.3.6/docker-java-api-3.3.6.jar:/Users/amoljadhav/.m2/repository/org/slf4j/jcl-over-slf4j/1.7.30/jcl-over-slf4j-1.7.30.jar:/Users/amoljadhav/.m2/repository/com/github/docker-java/docker-java-transport-httpclient5/3.3.6/docker-java-transport-httpclient5-3.3.6.jar:/Users/amoljadhav/.m2/repository/com/github/docker-java/docker-java-transport/3.3.6/docker-java-transport-3.3.6.jar:/Users/amoljadhav/.m2/repository/net/java/dev/jna/jna/5.13.0/jna-5.13.0.jar:/Users/amoljadhav/.m2/repository/org/brotli/dec/0.1.2/dec-0.1.2.jar:/Users/amoljadhav/.m2/repository/org/apache/commons/commons-lang3/3.14.0/commons-lang3-3.14.0.jar:/Users/amoljadhav/.m2/repository/org/apache/commons/commons-compress/1.26.2/commons-compress-1.26.2.jar:/Users/amoljadhav/.m2/repository/commons-codec/commons-codec/1.17.0/commons-codec-1.17.0.jar:/Users/amoljadhav/.m2/repository/commons-io/commons-io/2.16.1/commons-io-2.16.1.jar:/Users/amoljadhav/.m2/repository/org/apache/httpcomponents/client5/httpclient5/5.2.1/httpclient5-5.2.1.jar:/Users/amoljadhav/.m2/repository/org/apache/httpcomponents/core5/httpcore5/5.2/httpcore5-5.2.jar:/Users/amoljadhav/.m2/repository/org/apache/httpcomponents/core5/httpcore5-h2/5.2/httpcore5-h2-5.2.jar:/Users/amoljadhav/.m2/repository/com/fasterxml/jackson/core/jackson-databind/2.18.1/jackson-databind-2.18.1.jar:/Users/amoljadhav/.m2/repository/com/fasterxml/jackson/core/jackson-annotations/2.18.1/jackson-annotations-2.18.1.jar:/Users/amoljadhav/.m2/repository/com/fasterxml/jackson/core/jackson-core/2.18.1/jackson-core-2.18.1.jar:/Users/amoljadhav/.m2/repository/com/aventstack/extentreports/5.1.2/extentreports-5.1.2.jar:/Users/amoljadhav/.m2/repository/io/reactivex/rxjava3/rxjava/3.1.6/rxjava-3.1.6.jar:/Users/amoljadhav/.m2/repository/org/reactivestreams/reactive-streams/1.0.4/reactive-streams-1.0.4.jar:/Users/amoljadhav/.m2/repository/org/freemarker/freemarker/2.3.32/freemarker-2.3.32.jar:/Users/amoljadhav/.m2/repository/org/projectlombok/lombok/1.18.26/lombok-1.18.26.jar:"/>
    <property name="java.vm.vendor" value="Oracle Corporation"/>
    <property name="sun.arch.data.model" value="64"/>
    <property name="java.vendor.url" value="https://java.oracle.com/"/>
    <property name="user.timezone" value="Asia/Kolkata"/>
    <property name="os.name" value="Mac OS X"/>
    <property name="java.vm.specification.version" value="21"/>
    <property name="sun.java.launcher" value="SUN_STANDARD"/>
    <property name="user.country" value="US"/>
    <property name="sun.boot.library.path" value="/Library/Java/JavaVirtualMachines/jdk-21.jdk/Contents/Home/lib"/>
    <property name="sun.java.command" value="/Users/amoljadhav/eclipse-workspace/SeliniumFramewordDesign/target/surefire/surefirebooter-20250125065018228_3.jar /Users/amoljadhav/eclipse-workspace/SeliniumFramewordDesign/target/surefire 2025-01-25T06-50-18_195-jvmRun1 surefire-20250125065018228_1tmp surefire_0-20250125065018228_2tmp"/>
    <property name="http.nonProxyHosts" value="local|*.local|169.254/16|*.169.254/16"/>
    <property name="jdk.debug" value="release"/>
    <property name="surefire.test.class.path" value="/Users/amoljadhav/eclipse-workspace/SeliniumFramewordDesign/target/test-classes:/Users/amoljadhav/eclipse-workspace/SeliniumFramewordDesign/target/classes:/Users/amoljadhav/.m2/repository/org/seleniumhq/selenium/selenium-java/4.24.0/selenium-java-4.24.0.jar:/Users/amoljadhav/.m2/repository/org/seleniumhq/selenium/selenium-api/4.24.0/selenium-api-4.24.0.jar:/Users/amoljadhav/.m2/repository/org/jspecify/jspecify/1.0.0/jspecify-1.0.0.jar:/Users/amoljadhav/.m2/repository/org/seleniumhq/selenium/selenium-chrome-driver/4.24.0/selenium-chrome-driver-4.24.0.jar:/Users/amoljadhav/.m2/repository/com/google/auto/service/auto-service-annotations/1.1.1/auto-service-annotations-1.1.1.jar:/Users/amoljadhav/.m2/repository/org/seleniumhq/selenium/selenium-chromium-driver/4.24.0/selenium-chromium-driver-4.24.0.jar:/Users/amoljadhav/.m2/repository/org/seleniumhq/selenium/selenium-json/4.24.0/selenium-json-4.24.0.jar:/Users/amoljadhav/.m2/repository/org/seleniumhq/selenium/selenium-manager/4.24.0/selenium-manager-4.24.0.jar:/Users/amoljadhav/.m2/repository/org/seleniumhq/selenium/selenium-devtools-v126/4.24.0/selenium-devtools-v126-4.24.0.jar:/Users/amoljadhav/.m2/repository/org/seleniumhq/selenium/selenium-devtools-v127/4.24.0/selenium-devtools-v127-4.24.0.jar:/Users/amoljadhav/.m2/repository/org/seleniumhq/selenium/selenium-devtools-v128/4.24.0/selenium-devtools-v128-4.24.0.jar:/Users/amoljadhav/.m2/repository/org/seleniumhq/selenium/selenium-devtools-v85/4.24.0/selenium-devtools-v85-4.24.0.jar:/Users/amoljadhav/.m2/repository/org/seleniumhq/selenium/selenium-edge-driver/4.24.0/selenium-edge-driver-4.24.0.jar:/Users/amoljadhav/.m2/repository/org/seleniumhq/selenium/selenium-firefox-driver/4.24.0/selenium-firefox-driver-4.24.0.jar:/Users/amoljadhav/.m2/repository/org/seleniumhq/selenium/selenium-http/4.24.0/selenium-http-4.24.0.jar:/Users/amoljadhav/.m2/repository/dev/failsafe/failsafe/3.3.2/failsafe-3.3.2.jar:/Users/amoljadhav/.m2/repository/org/seleniumhq/selenium/selenium-ie-driver/4.24.0/selenium-ie-driver-4.24.0.jar:/Users/amoljadhav/.m2/repository/org/seleniumhq/selenium/selenium-remote-driver/4.24.0/selenium-remote-driver-4.24.0.jar:/Users/amoljadhav/.m2/repository/com/google/guava/guava/33.3.0-jre/guava-33.3.0-jre.jar:/Users/amoljadhav/.m2/repository/com/google/guava/failureaccess/1.0.2/failureaccess-1.0.2.jar:/Users/amoljadhav/.m2/repository/com/google/guava/listenablefuture/9999.0-empty-to-avoid-conflict-with-guava/listenablefuture-9999.0-empty-to-avoid-conflict-with-guava.jar:/Users/amoljadhav/.m2/repository/com/google/code/findbugs/jsr305/3.0.2/jsr305-3.0.2.jar:/Users/amoljadhav/.m2/repository/org/checkerframework/checker-qual/3.43.0/checker-qual-3.43.0.jar:/Users/amoljadhav/.m2/repository/com/google/j2objc/j2objc-annotations/3.0.0/j2objc-annotations-3.0.0.jar:/Users/amoljadhav/.m2/repository/io/opentelemetry/semconv/opentelemetry-semconv/1.25.0-alpha/opentelemetry-semconv-1.25.0-alpha.jar:/Users/amoljadhav/.m2/repository/io/opentelemetry/opentelemetry-api/1.41.0/opentelemetry-api-1.41.0.jar:/Users/amoljadhav/.m2/repository/io/opentelemetry/opentelemetry-context/1.41.0/opentelemetry-context-1.41.0.jar:/Users/amoljadhav/.m2/repository/io/opentelemetry/opentelemetry-exporter-logging/1.41.0/opentelemetry-exporter-logging-1.41.0.jar:/Users/amoljadhav/.m2/repository/io/opentelemetry/opentelemetry-sdk-common/1.41.0/opentelemetry-sdk-common-1.41.0.jar:/Users/amoljadhav/.m2/repository/io/opentelemetry/opentelemetry-sdk-extension-autoconfigure-spi/1.41.0/opentelemetry-sdk-extension-autoconfigure-spi-1.41.0.jar:/Users/amoljadhav/.m2/repository/io/opentelemetry/opentelemetry-sdk-extension-autoconfigure/1.41.0/opentelemetry-sdk-extension-autoconfigure-1.41.0.jar:/Users/amoljadhav/.m2/repository/io/opentelemetry/opentelemetry-api-incubator/1.41.0-alpha/opentelemetry-api-incubator-1.41.0-alpha.jar:/Users/amoljadhav/.m2/repository/io/opentelemetry/opentelemetry-sdk-trace/1.41.0/opentelemetry-sdk-trace-1.41.0.jar:/Users/amoljadhav/.m2/repository/io/opentelemetry/opentelemetry-sdk/1.41.0/opentelemetry-sdk-1.41.0.jar:/Users/amoljadhav/.m2/repository/io/opentelemetry/opentelemetry-sdk-metrics/1.41.0/opentelemetry-sdk-metrics-1.41.0.jar:/Users/amoljadhav/.m2/repository/io/opentelemetry/opentelemetry-sdk-logs/1.41.0/opentelemetry-sdk-logs-1.41.0.jar:/Users/amoljadhav/.m2/repository/net/bytebuddy/byte-buddy/1.15.0/byte-buddy-1.15.0.jar:/Users/amoljadhav/.m2/repository/org/seleniumhq/selenium/selenium-os/4.24.0/selenium-os-4.24.0.jar:/Users/amoljadhav/.m2/repository/org/apache/commons/commons-exec/1.4.0/commons-exec-1.4.0.jar:/Users/amoljadhav/.m2/repository/org/seleniumhq/selenium/selenium-safari-driver/4.24.0/selenium-safari-driver-4.24.0.jar:/Users/amoljadhav/.m2/repository/org/seleniumhq/selenium/selenium-support/4.24.0/selenium-support-4.24.0.jar:/Users/amoljadhav/.m2/repository/org/testng/testng/7.10.1/testng-7.10.1.jar:/Users/amoljadhav/.m2/repository/org/slf4j/slf4j-api/1.7.36/slf4j-api-1.7.36.jar:/Users/amoljadhav/.m2/repository/com/beust/jcommander/1.82/jcommander-1.82.jar:/Users/amoljadhav/.m2/repository/org/webjars/jquery/3.7.1/jquery-3.7.1.jar:/Users/amoljadhav/.m2/repository/io/github/bonigarcia/webdrivermanager/5.9.0/webdrivermanager-5.9.0.jar:/Users/amoljadhav/.m2/repository/com/google/code/gson/gson/2.11.0/gson-2.11.0.jar:/Users/amoljadhav/.m2/repository/com/google/errorprone/error_prone_annotations/2.27.0/error_prone_annotations-2.27.0.jar:/Users/amoljadhav/.m2/repository/com/github/docker-java/docker-java/3.3.6/docker-java-3.3.6.jar:/Users/amoljadhav/.m2/repository/com/github/docker-java/docker-java-core/3.3.6/docker-java-core-3.3.6.jar:/Users/amoljadhav/.m2/repository/com/github/docker-java/docker-java-api/3.3.6/docker-java-api-3.3.6.jar:/Users/amoljadhav/.m2/repository/org/slf4j/jcl-over-slf4j/1.7.30/jcl-over-slf4j-1.7.30.jar:/Users/amoljadhav/.m2/repository/com/github/docker-java/docker-java-transport-httpclient5/3.3.6/docker-java-transport-httpclient5-3.3.6.jar:/Users/amoljadhav/.m2/repository/com/github/docker-java/docker-java-transport/3.3.6/docker-java-transport-3.3.6.jar:/Users/amoljadhav/.m2/repository/net/java/dev/jna/jna/5.13.0/jna-5.13.0.jar:/Users/amoljadhav/.m2/repository/org/brotli/dec/0.1.2/dec-0.1.2.jar:/Users/amoljadhav/.m2/repository/org/apache/commons/commons-lang3/3.14.0/commons-lang3-3.14.0.jar:/Users/amoljadhav/.m2/repository/org/apache/commons/commons-compress/1.26.2/commons-compress-1.26.2.jar:/Users/amoljadhav/.m2/repository/commons-codec/commons-codec/1.17.0/commons-codec-1.17.0.jar:/Users/amoljadhav/.m2/repository/commons-io/commons-io/2.16.1/commons-io-2.16.1.jar:/Users/amoljadhav/.m2/repository/org/apache/httpcomponents/client5/httpclient5/5.2.1/httpclient5-5.2.1.jar:/Users/amoljadhav/.m2/repository/org/apache/httpcomponents/core5/httpcore5/5.2/httpcore5-5.2.jar:/Users/amoljadhav/.m2/repository/org/apache/httpcomponents/core5/httpcore5-h2/5.2/httpcore5-h2-5.2.jar:/Users/amoljadhav/.m2/repository/com/fasterxml/jackson/core/jackson-databind/2.18.1/jackson-databind-2.18.1.jar:/Users/amoljadhav/.m2/repository/com/fasterxml/jackson/core/jackson-annotations/2.18.1/jackson-annotations-2.18.1.jar:/Users/amoljadhav/.m2/repository/com/fasterxml/jackson/core/jackson-core/2.18.1/jackson-core-2.18.1.jar:/Users/amoljadhav/.m2/repository/com/aventstack/extentreports/5.1.2/extentreports-5.1.2.jar:/Users/amoljadhav/.m2/repository/io/reactivex/rxjava3/rxjava/3.1.6/rxjava-3.1.6.jar:/Users/amoljadhav/.m2/repository/org/reactivestreams/reactive-streams/1.0.4/reactive-streams-1.0.4.jar:/Users/amoljadhav/.m2/repository/org/freemarker/freemarker/2.3.32/freemarker-2.3.32.jar:/Users/amoljadhav/.m2/repository/org/projectlombok/lombok/1.18.26/lombok-1.18.26.jar:"/>
    <property name="sun.cpu.endian" value="little"/>
    <property name="user.home" value="/Users/amoljadhav"/>
    <property name="user.language" value="en"/>
    <property name="java.specification.vendor" value="Oracle Corporation"/>
    <property name="java.version.date" value="2024-10-15"/>
    <property name="java.home" value="/Library/Java/JavaVirtualMachines/jdk-21.jdk/Contents/Home"/>
    <property name="file.separator" value="/"/>
    <property name="basedir" value="/Users/amoljadhav/eclipse-workspace/SeliniumFramewordDesign"/>
    <property name="java.vm.compressedOopsMode" value="Zero based"/>
    <property name="line.separator" value="&#10;"/>
    <property name="java.vm.specification.vendor" value="Oracle Corporation"/>
    <property name="java.specification.name" value="Java Platform API Specification"/>
    <property name="apple.awt.application.name" value="ForkedBooter"/>
    <property name="surefire.real.class.path" value="/Users/amoljadhav/eclipse-workspace/SeliniumFramewordDesign/target/surefire/surefirebooter-20250125065018228_3.jar"/>
    <property name="sun.management.compiler" value="HotSpot 64-Bit Tiered Compilers"/>
    <property name="ftp.nonProxyHosts" value="local|*.local|169.254/16|*.169.254/16"/>
    <property name="java.runtime.version" value="21.0.5+9-LTS-239"/>
    <property name="user.name" value="amoljadhav"/>
    <property name="stdout.encoding" value="UTF-8"/>
    <property name="path.separator" value=":"/>
    <property name="os.version" value="15.2"/>
    <property name="java.runtime.name" value="Java(TM) SE Runtime Environment"/>
    <property name="file.encoding" value="UTF-8"/>
    <property name="browser" value="chrome"/>
    <property name="java.vm.name" value="Java HotSpot(TM) 64-Bit Server VM"/>
    <property name="localRepository" value="/Users/amoljadhav/.m2/repository"/>
    <property name="java.vendor.url.bug" value="https://bugreport.java.com/bugreport/"/>
    <property name="java.io.tmpdir" value="/var/folders/8r/nfnvfbl95210344fkw9zg_b40000gn/T/"/>
    <property name="java.version" value="21.0.5"/>
    <property name="user.dir" value="/Users/amoljadhav/eclipse-workspace/SeliniumFramewordDesign"/>
    <property name="os.arch" value="aarch64"/>
    <property name="java.vm.specification.name" value="Java Virtual Machine Specification"/>
    <property name="native.encoding" value="UTF-8"/>
    <property name="java.library.path" value="/Users/amoljadhav/Library/Java/Extensions:/Library/Java/Extensions:/Network/Library/Java/Extensions:/System/Library/Java/Extensions:/usr/lib/java:."/>
    <property name="java.vm.info" value="mixed mode, sharing"/>
    <property name="stderr.encoding" value="UTF-8"/>
    <property name="java.vendor" value="Oracle Corporation"/>
    <property name="java.vm.version" value="21.0.5+9-LTS-239"/>
    <property name="sun.io.unicode.encoding" value="UnicodeBig"/>
    <property name="socksNonProxyHosts" value="local|*.local|169.254/16|*.169.254/16"/>
    <property name="java.class.version" value="65.0"/>
  </properties>
  <testcase name="SubmitOrder[{productname=IPHONE 13 PRO, password=Sne@1993, email=snehalschavans@gmail.com}](1)" classname="snehalacademy.Test.SubmitOrderTest" time="2.667">
    <system-err><![CDATA[SLF4J: Failed to load class "org.slf4j.impl.StaticLoggerBinder".
SLF4J: Defaulting to no-operation (NOP) logger implementation
SLF4J: See http://www.slf4j.org/codes.html#StaticLoggerBinder for further details.
Jan 25, 2025 6:50:19 AM org.openqa.selenium.devtools.CdpVersionFinder findNearestMatch
WARNING: Unable to find an exact match for CDP version 132, returning the closest version; found: 128; Please update to a Selenium version that supports CDP version 132
]]></system-err>
  </testcase>
  <testcase name="SubmitOrder[{productname=QWERTY, password=Iamking@000, email=shetty@gmail.com}](2)" classname="snehalacademy.Test.SubmitOrderTest" time="2.414">
    <system-err><![CDATA[Jan 25, 2025 6:50:23 AM org.openqa.selenium.devtools.CdpVersionFinder findNearestMatch
WARNING: Unable to find an exact match for CDP version 132, returning the closest version; found: 128; Please update to a Selenium version that supports CDP version 132
]]></system-err>
  </testcase>
  <testcase name="ErrorValidationTest" classname="snehalacademy.Test.ErrorValidationsTest" time="0.793">
    <failure message="expected [Incorrect email or password.] but found [Incorrect email password.]" type="java.lang.AssertionError"><![CDATA[java.lang.AssertionError: expected [Incorrect email or password.] but found [Incorrect email password.]
	at org.testng.Assert.fail(Assert.java:111)
	at org.testng.Assert.failNotEquals(Assert.java:1578)
	at org.testng.Assert.assertEqualsImpl(Assert.java:150)
	at org.testng.Assert.assertEquals(Assert.java:132)
	at org.testng.Assert.assertEquals(Assert.java:656)
	at org.testng.Assert.assertEquals(Assert.java:666)
	at snehalacademy.Test.ErrorValidationsTest.ErrorValidationTest(ErrorValidationsTest.java:30)
	at java.base/jdk.internal.reflect.DirectMethodHandleAccessor.invoke(DirectMethodHandleAccessor.java:103)
	at java.base/java.lang.reflect.Method.invoke(Method.java:580)
	at org.testng.internal.invokers.MethodInvocationHelper.invokeMethod(MethodInvocationHelper.java:141)
	at org.testng.internal.invokers.TestInvoker.invokeMethod(TestInvoker.java:686)
	at org.testng.internal.invokers.TestInvoker.invokeTestMethod(TestInvoker.java:230)
	at org.testng.internal.invokers.MethodRunner.runInSequence(MethodRunner.java:63)
	at org.testng.internal.invokers.TestInvoker$MethodInvocationAgent.invoke(TestInvoker.java:992)
	at org.testng.internal.invokers.TestInvoker.invokeTestMethods(TestInvoker.java:203)
	at org.testng.internal.invokers.TestMethodWorker.invokeTestMethods(TestMethodWorker.java:154)
	at org.testng.internal.invokers.TestMethodWorker.run(TestMethodWorker.java:134)
	at java.base/java.util.ArrayList.forEach(ArrayList.java:1596)
	at org.testng.TestRunner.privateRun(TestRunner.java:739)
	at org.testng.TestRunner.run(TestRunner.java:614)
	at org.testng.SuiteRunner.runTest(SuiteRunner.java:421)
	at org.testng.SuiteRunner.runSequentially(SuiteRunner.java:413)
	at org.testng.SuiteRunner.privateRun(SuiteRunner.java:373)
	at org.testng.SuiteRunner.run(SuiteRunner.java:312)
	at org.testng.SuiteRunnerWorker.runSuite(SuiteRunnerWorker.java:52)
	at org.testng.SuiteRunnerWorker.run(SuiteRunnerWorker.java:95)
	at org.testng.TestNG.runSuitesSequentially(TestNG.java:1274)
	at org.testng.TestNG.runSuitesLocally(TestNG.java:1208)
	at org.testng.TestNG.runSuites(TestNG.java:1112)
	at org.testng.TestNG.run(TestNG.java:1079)
	at org.apache.maven.surefire.testng.TestNGExecutor.run(TestNGExecutor.java:308)
	at org.apache.maven.surefire.testng.TestNGXmlTestSuite.execute(TestNGXmlTestSuite.java:71)
	at org.apache.maven.surefire.testng.TestNGProvider.invoke(TestNGProvider.java:113)
	at org.apache.maven.surefire.booter.ForkedBooter.runSuitesInProcess(ForkedBooter.java:385)
	at org.apache.maven.surefire.booter.ForkedBooter.execute(ForkedBooter.java:162)
	at org.apache.maven.surefire.booter.ForkedBooter.run(ForkedBooter.java:507)
	at org.apache.maven.surefire.booter.ForkedBooter.main(ForkedBooter.java:495)
]]></failure>
    <system-err><![CDATA[Jan 25, 2025 6:50:27 AM org.openqa.selenium.devtools.CdpVersionFinder findNearestMatch
WARNING: Unable to find an exact match for CDP version 132, returning the closest version; found: 128; Please update to a Selenium version that supports CDP version 132
]]></system-err>
  </testcase>
  <testcase name="VerifyLogin" classname="snehalacademy.Test.ErrorValidationsTest" time="0.003">
    <system-out><![CDATA[Check login
]]></system-out>
    <system-err><![CDATA[Jan 25, 2025 6:50:29 AM org.openqa.selenium.devtools.CdpVersionFinder findNearestMatch
WARNING: Unable to find an exact match for CDP version 132, returning the closest version; found: 128; Please update to a Selenium version that supports CDP version 132
]]></system-err>
  </testcase>
</testsuite>