<?xml version="1.0" encoding="UTF-8"?>
<!-- Generated by org.testng.reporters.JUnitReportReporter -->
<testsuite hostname="Amols-MacBook-Air.local" failures="0" tests="2" name="snehalacademy.Test.SubmitOrderTest" time="9.936" errors="0" timestamp="2025-01-24T16:44:57 IST" skipped="0">
  <testcase classname="snehalacademy.Test.SubmitOrderTest" name="SubmitOrder" time="4.810"/>
  <testcase classname="snehalacademy.Test.SubmitOrderTest" name="SubmitOrder" time="5.126"/>
</testsuite> <!-- snehalacademy.Test.SubmitOrderTest -->
