<?xml version="1.0" encoding="UTF-8"?>
<!-- Generated by org.testng.reporters.JUnitReportReporter -->
<testsuite hostname="Amols-MacBook-Air.local" failures="0" tests="2" name="snehalacademy.Test.SubmitOrderTest" time="8.221" errors="0" timestamp="2025-01-25T06:50:31 IST" skipped="0">
  <testcase classname="snehalacademy.Test.SubmitOrderTest" name="SubmitOrder" time="3.889"/>
  <testcase classname="snehalacademy.Test.SubmitOrderTest" name="SubmitOrder" time="4.332"/>
</testsuite> <!-- snehalacademy.Test.SubmitOrderTest -->
